[debug] [2018-10-04T14:33:14.945Z] ----------------------------------------------------------------------
[debug] [2018-10-04T14:33:14.949Z] Command:       C:\Program Files\nodejs\node.exe C:\Users\Andreas Tihor\AppData\Roaming\npm\node_modules\firebase-tools\bin\firebase init
[debug] [2018-10-04T14:33:14.949Z] CLI Version:   4.2.1
[debug] [2018-10-04T14:33:14.950Z] Platform:      win32
[debug] [2018-10-04T14:33:14.950Z] Node Version:  v8.12.0
[debug] [2018-10-04T14:33:14.951Z] Time:          Thu Oct 04 2018 21:33:14 GMT+0700 (SE Asia Standard Time)
[debug] [2018-10-04T14:33:14.951Z] ----------------------------------------------------------------------
[debug] 
[debug] [2018-10-04T14:33:14.967Z] > command requires scopes: ["email","openid","https://www.googleapis.com/auth/cloudplatformprojects.readonly","https://www.googleapis.com/auth/firebase"]
[debug] [2018-10-04T14:33:14.967Z] > authorizing via signed-in user
[info] 
     ######## #### ########  ######## ########     ###     ######  ########
     ##        ##  ##     ## ##       ##     ##  ##   ##  ##       ##
     ######    ##  ########  ######   ########  #########  ######  ######
     ##        ##  ##    ##  ##       ##     ## ##     ##       ## ##
     ##       #### ##     ## ######## ########  ##     ##  ######  ########

You're about to initialize a Firebase project in this directory:

  C:\xampp\htdocs\INIXINDO

Before we get started, keep in mind:

  * You are currently outside your home directory
  * You are initializing in an existing Firebase project directory

